Build started 11-05-2013 10:06:27 PM.
     1>Project "I:\ToBeCopiedToHardDisk\TEMP FOLDER\Project\HistogramEqualization\HistogramEqualization\HistogramEqualization.vcxproj" on node 2 (build target(s)).
     1>InitializeBuildStatus:
         Creating "Debug\HistogramEqualization.unsuccessfulbuild" because "AlwaysCreate" was specified.
       ClCompile:
         C:\Program Files (x86)\Microsoft Visual Studio 10.0\VC\bin\CL.exe /c /I"C:\Program Files (x86)\AMD APP\\include" /ZI /nologo /W3 /WX- /Od /Oy- /D WIN32 /D _DEBUG /D _CONSOLE /D _UNICODE /D UNICODE /Gm /EHsc /RTC1 /MDd /GS /fp:precise /Zc:wchar_t /Zc:forScope /Fo"Debug\\" /Fd"Debug\vc100.pdb" /Gd /TP /analyze- /errorReport:prompt main.cpp
         main.cpp
     1>i:\tobecopiedtoharddisk\temp folder\project\histogramequalization\histogramequalization\main.cpp(10): warning C4996: 'freopen': This function or variable may be unsafe. Consider using freopen_s instead. To disable deprecation, use _CRT_SECURE_NO_WARNINGS. See online help for details.
                 c:\program files (x86)\microsoft visual studio 10.0\vc\include\stdio.h(249) : see declaration of 'freopen'
     1>i:\tobecopiedtoharddisk\temp folder\project\histogramequalization\histogramequalization\main.cpp(100): warning C4996: 'fopen': This function or variable may be unsafe. Consider using fopen_s instead. To disable deprecation, use _CRT_SECURE_NO_WARNINGS. See online help for details.
                 c:\program files (x86)\microsoft visual studio 10.0\vc\include\stdio.h(234) : see declaration of 'fopen'
     1>i:\tobecopiedtoharddisk\temp folder\project\histogramequalization\histogramequalization\main.cpp(138): warning C4244: '=' : conversion from 'cl_ulong' to 'float', possible loss of data
     1>i:\tobecopiedtoharddisk\temp folder\project\histogramequalization\histogramequalization\main.cpp(143): warning C4996: 'freopen': This function or variable may be unsafe. Consider using freopen_s instead. To disable deprecation, use _CRT_SECURE_NO_WARNINGS. See online help for details.
                 c:\program files (x86)\microsoft visual studio 10.0\vc\include\stdio.h(249) : see declaration of 'freopen'
     1>i:\tobecopiedtoharddisk\temp folder\project\histogramequalization\histogramequalization\main.cpp(19): warning C4700: uninitialized local variable 'error' used
       ManifestResourceCompile:
         C:\Program Files (x86)\Microsoft SDKs\Windows\v7.0A\bin\rc.exe /nologo /fo"Debug\HistogramEqualization.exe.embed.manifest.res" Debug\HistogramEqualization_manifest.rc 
       Link:
         C:\Program Files (x86)\Microsoft Visual Studio 10.0\VC\bin\link.exe /ERRORREPORT:PROMPT /OUT:"I:\ToBeCopiedToHardDisk\TEMP FOLDER\Project\HistogramEqualization\Debug\HistogramEqualization.exe" /INCREMENTAL /NOLOGO /LIBPATH:"C:\Program Files (x86)\AMD APP\\lib\x86" kernel32.lib user32.lib gdi32.lib winspool.lib comdlg32.lib advapi32.lib shell32.lib ole32.lib oleaut32.lib uuid.lib odbc32.lib odbccp32.lib kernel32.lib user32.lib gdi32.lib winspool.lib comdlg32.lib advapi32.lib shell32.lib ole32.lib oleaut32.lib uuid.lib odbc32.lib odbccp32.lib OpenCL.lib /MANIFEST /ManifestFile:"Debug\HistogramEqualization.exe.intermediate.manifest" /MANIFESTUAC:"level='asInvoker' uiAccess='false'" /DEBUG /PDB:"I:\ToBeCopiedToHardDisk\TEMP FOLDER\Project\HistogramEqualization\Debug\HistogramEqualization.pdb" /SUBSYSTEM:CONSOLE /TLBID:1 /DYNAMICBASE /NXCOMPAT /IMPLIB:"I:\ToBeCopiedToHardDisk\TEMP FOLDER\Project\HistogramEqualization\Debug\HistogramEqualization.lib" /MACHINE:X86 Debug\HistogramEqualization.exe.embed.manifest.res
         Debug\main.obj
       Manifest:
         C:\Program Files (x86)\Microsoft SDKs\Windows\v7.0A\bin\mt.exe /nologo /verbose /out:"Debug\HistogramEqualization.exe.embed.manifest" /manifest Debug\HistogramEqualization.exe.intermediate.manifest
         All outputs are up-to-date.
       LinkEmbedManifest:
         All outputs are up-to-date.
         HistogramEqualization.vcxproj -> I:\ToBeCopiedToHardDisk\TEMP FOLDER\Project\HistogramEqualization\Debug\HistogramEqualization.exe
       FinalizeBuildStatus:
         Deleting file "Debug\HistogramEqualization.unsuccessfulbuild".
         Touching "Debug\HistogramEqualization.lastbuildstate".
     1>Done Building Project "I:\ToBeCopiedToHardDisk\TEMP FOLDER\Project\HistogramEqualization\HistogramEqualization\HistogramEqualization.vcxproj" (build target(s)).

Build succeeded.

Time Elapsed 00:00:04.53
